#
# There is insufficient memory for the Java Runtime Environment to continue.
# Native memory allocation (malloc) failed to allocate 2082096 bytes for Chunk::new
# Possible reasons:
#   The system is out of physical RAM or swap space
#   The process is running with CompressedOops enabled, and the Java Heap may be blocking the growth of the native heap
# Possible solutions:
#   Reduce memory load on the system
#   Increase physical memory or swap space
#   Check if swap backing store is full
#   Decrease Java heap size (-Xmx/-Xms)
#   Decrease number of Java threads
#   Decrease Java thread stack sizes (-Xss)
#   Set larger code cache with -XX:ReservedCodeCacheSize=
#   JVM is running with Unscaled Compressed Oops mode in which the Java heap is
#     placed in the first 4GB address space. The Java Heap base address is the
#     maximum limit for the native heap growth. Please use -XX:HeapBaseMinAddress
#     to set the Java Heap base and to place the Java Heap above 4GB virtual address.
# This output file may be truncated or incomplete.
#
#  Out of Memory Error (c:/tools/cygwin/home/Administrator/development/Corretto11Src/src/src/hotspot/share/memory/arena.cpp:197), pid=20504, tid=22144
#
# JRE version: OpenJDK Runtime Environment (11.0.4+11) (build 11.0.4+11-LTS)
# Java VM: OpenJDK 64-Bit Server VM (11.0.4+11-LTS, mixed mode, tiered, compressed oops, g1 gc, windows-amd64)
# No core dump will be written. Minidumps are not enabled by default on client versions of Windows
#

---------------  S U M M A R Y ------------

Command Line: --add-opens=java.base/java.util=ALL-UNNAMED --add-opens=java.base/java.lang=ALL-UNNAMED --add-opens=java.base/java.lang.invoke=ALL-UNNAMED --add-opens=java.prefs/java.util.prefs=ALL-UNNAMED -XX:MaxMetaspaceSize=256m -XX:+HeapDumpOnOutOfMemoryError -Xms256m -Xmx512m -Dfile.encoding=x-windows-874 -Duser.country=US -Duser.language=en -Duser.variant org.gradle.launcher.daemon.bootstrap.GradleDaemon 6.6.1

Host: Intel(R) Core(TM) i5-6200U CPU @ 2.30GHz, 4 cores, 7G,  Windows 10 , 64 bit Build 18362 (10.0.18362.1)
Time: Mon Nov 30 11:57:58 2020 SE Asia Standard Time elapsed time: 4205 seconds (0d 1h 10m 5s)

---------------  T H R E A D  ---------------

Current thread (0x000002214e862000):  JavaThread "C2 CompilerThread1" daemon [_thread_in_native, id=22144, stack(0x00000094edb00000,0x00000094edc00000)]


Current CompileTask:
C2:4205040 17178       4       org.objectweb.asm.ClassReader::readCode (5089 bytes)

Stack: [0x00000094edb00000,0x00000094edc00000]
Native frames: (J=compiled Java code, j=interpreted, Vv=VM code, C=native code)
V  [jvm.dll+0x5d700a]
V  [jvm.dll+0x70bc6e]
V  [jvm.dll+0x70d2fb]
V  [jvm.dll+0x70d9c3]
V  [jvm.dll+0x23f5f8]
V  [jvm.dll+0xb982c]
V  [jvm.dll+0xb9dbc]
V  [jvm.dll+0x3411b7]
V  [jvm.dll+0x192ff1]
V  [jvm.dll+0x1f9e32]
V  [jvm.dll+0x1f8edf]
V  [jvm.dll+0x17defc]
V  [jvm.dll+0x207d07]
V  [jvm.dll+0x20626e]
V  [jvm.dll+0x6d48ac]
V  [jvm.dll+0x6cd8fc]
V  [jvm.dll+0x5d6286]
C  [ucrtbase.dll+0x1d912]
C  [KERNEL32.DLL+0x17944]
C  [ntdll.dll+0x6ce71]


---------------  P R O C E S S  ---------------

Threads class SMR info:
_java_thread_list=0x000002214d0884b0, length=52, elements={
0x00000221288a6800, 0x000002214496e000, 0x000002214496f000, 0x00000221449d1000,
0x0000022144979800, 0x000002214497b800, 0x0000022144981000, 0x0000022144a25000,
0x0000022144b36800, 0x0000022144b78800, 0x0000022146b51000, 0x0000022146449000,
0x0000022145bbd800, 0x0000022144cdc000, 0x0000022144cd6800, 0x0000022144cdd000,
0x0000022144ff9800, 0x0000022144ff3800, 0x0000022144fed000, 0x0000022144fee800,
0x0000022144ff8800, 0x0000022149445800, 0x0000022149446000, 0x0000022149443800,
0x0000022149442000, 0x0000022149441800, 0x0000022149448000, 0x0000022144cd7800,
0x0000022144cd8000, 0x0000022144cda800, 0x0000022144cdb800, 0x0000022144cd9000,
0x0000022144cd9800, 0x0000022144f30000, 0x0000022144f2f800, 0x0000022144f2e800,
0x0000022144f32800, 0x0000022144f35000, 0x0000022144f36000, 0x0000022144f34000,
0x0000022144f36800, 0x0000022144f31000, 0x0000022144f31800, 0x0000022144f37800,
0x0000022144f3a800, 0x0000022144f3d000, 0x0000022144f3b800, 0x0000022144f3c800,
0x0000022144f39000, 0x0000022144fef800, 0x0000022144ff7000, 0x000002214e862000
}

Java Threads: ( => current thread )
  0x00000221288a6800 JavaThread "main" [_thread_blocked, id=20672, stack(0x00000094ea100000,0x00000094ea200000)]
  0x000002214496e000 JavaThread "Reference Handler" daemon [_thread_blocked, id=4348, stack(0x00000094ea800000,0x00000094ea900000)]
  0x000002214496f000 JavaThread "Finalizer" daemon [_thread_blocked, id=18692, stack(0x00000094ea900000,0x00000094eaa00000)]
  0x00000221449d1000 JavaThread "Signal Dispatcher" daemon [_thread_blocked, id=20688, stack(0x00000094eaa00000,0x00000094eab00000)]
  0x0000022144979800 JavaThread "Attach Listener" daemon [_thread_blocked, id=4556, stack(0x00000094eab00000,0x00000094eac00000)]
  0x000002214497b800 JavaThread "C2 CompilerThread0" daemon [_thread_in_native, id=9856, stack(0x00000094eac00000,0x00000094ead00000)]
  0x0000022144981000 JavaThread "C1 CompilerThread0" daemon [_thread_blocked, id=22224, stack(0x00000094ead00000,0x00000094eae00000)]
  0x0000022144a25000 JavaThread "Sweeper thread" daemon [_thread_blocked, id=20760, stack(0x00000094eae00000,0x00000094eaf00000)]
  0x0000022144b36800 JavaThread "Common-Cleaner" daemon [_thread_blocked, id=14560, stack(0x00000094eaf00000,0x00000094eb000000)]
  0x0000022144b78800 JavaThread "Service Thread" daemon [_thread_blocked, id=4312, stack(0x00000094eb000000,0x00000094eb100000)]
  0x0000022146b51000 JavaThread "Daemon health stats" [_thread_blocked, id=18308, stack(0x00000094eb500000,0x00000094eb600000)]
  0x0000022146449000 JavaThread "Incoming local TCP Connector on port 56958" [_thread_in_native, id=19568, stack(0x00000094eb800000,0x00000094eb900000)]
  0x0000022145bbd800 JavaThread "Daemon periodic checks" [_thread_blocked, id=13984, stack(0x00000094eb900000,0x00000094eba00000)]
  0x0000022144cdc000 JavaThread "Cache worker for file hash cache (C:\Users\weera.y\.gradle\caches\6.6.1\fileHashes)" [_thread_blocked, id=20116, stack(0x00000094ec100000,0x00000094ec200000)]
  0x0000022144cd6800 JavaThread "File lock request listener" [_thread_in_native, id=18012, stack(0x00000094ec200000,0x00000094ec300000)]
  0x0000022144cdd000 JavaThread "Cache worker for journal cache (C:\Users\weera.y\.gradle\caches\journal-1)" [_thread_blocked, id=22328, stack(0x00000094ec300000,0x00000094ec400000)]
  0x0000022144ff9800 JavaThread "Cache worker for execution history cache (C:\Users\weera.y\.gradle\caches\6.6.1\executionHistory)" [_thread_blocked, id=17024, stack(0x00000094ed700000,0x00000094ed800000)]
  0x0000022144ff3800 JavaThread "Cache worker for file content cache (C:\Users\weera.y\.gradle\caches\6.6.1\fileContent)" [_thread_blocked, id=8648, stack(0x00000094ed800000,0x00000094ed900000)]
  0x0000022144fed000 JavaThread "Daemon Thread 3" [_thread_blocked, id=16852, stack(0x00000094e9e00000,0x00000094e9f00000)]
  0x0000022144fee800 JavaThread "Daemon worker Thread 3" [_thread_in_native, id=13236, stack(0x00000094eb600000,0x00000094eb700000)]
  0x0000022144ff8800 JavaThread "jar transforms Thread 35" [_thread_blocked, id=21668, stack(0x00000094ec000000,0x00000094ec100000)]
  0x0000022149445800 JavaThread "jar transforms Thread 36" [_thread_blocked, id=10432, stack(0x00000094ec900000,0x00000094eca00000)]
  0x0000022149446000 JavaThread "jar transforms Thread 37" [_thread_blocked, id=15768, stack(0x00000094eca00000,0x00000094ecb00000)]
  0x0000022149443800 JavaThread "jar transforms Thread 38" [_thread_blocked, id=18312, stack(0x00000094ecb00000,0x00000094ecc00000)]
  0x0000022149442000 JavaThread "jar transforms Thread 39" [_thread_blocked, id=13068, stack(0x00000094ecc00000,0x00000094ecd00000)]
  0x0000022149441800 JavaThread "jar transforms Thread 40" [_thread_blocked, id=16596, stack(0x00000094ecd00000,0x00000094ece00000)]
  0x0000022149448000 JavaThread "jar transforms Thread 41" [_thread_blocked, id=14788, stack(0x00000094ece00000,0x00000094ecf00000)]
  0x0000022144cd7800 JavaThread "jar transforms Thread 42" [_thread_blocked, id=22068, stack(0x00000094ecf00000,0x00000094ed000000)]
  0x0000022144cd8000 JavaThread "jar transforms Thread 43" [_thread_blocked, id=11632, stack(0x00000094ed000000,0x00000094ed100000)]
  0x0000022144cda800 JavaThread "jar transforms Thread 44" [_thread_blocked, id=17136, stack(0x00000094ed100000,0x00000094ed200000)]
  0x0000022144cdb800 JavaThread "jar transforms Thread 45" [_thread_blocked, id=18532, stack(0x00000094ed200000,0x00000094ed300000)]
  0x0000022144cd9000 JavaThread "jar transforms Thread 46" [_thread_blocked, id=20220, stack(0x00000094ed300000,0x00000094ed400000)]
  0x0000022144cd9800 JavaThread "jar transforms Thread 47" [_thread_blocked, id=17208, stack(0x00000094ed400000,0x00000094ed500000)]
  0x0000022144f30000 JavaThread "jar transforms Thread 48" [_thread_blocked, id=5704, stack(0x00000094ed500000,0x00000094ed600000)]
  0x0000022144f2f800 JavaThread "jar transforms Thread 49" [_thread_blocked, id=7956, stack(0x00000094ed600000,0x00000094ed700000)]
  0x0000022144f2e800 JavaThread "jar transforms Thread 50" [_thread_blocked, id=21096, stack(0x00000094ed900000,0x00000094eda00000)]
  0x0000022144f32800 JavaThread "jar transforms Thread 51" [_thread_blocked, id=22428, stack(0x00000094eda00000,0x00000094edb00000)]
  0x0000022144f35000 JavaThread "Handler for socket connection from /127.0.0.1:56958 to /127.0.0.1:58334" [_thread_in_native, id=21724, stack(0x00000094e9f00000,0x00000094ea000000)]
  0x0000022144f36000 JavaThread "Cancel handler" [_thread_blocked, id=16468, stack(0x00000094ea000000,0x00000094ea100000)]
  0x0000022144f34000 JavaThread "Asynchronous log dispatcher for DefaultDaemonConnection: socket connection from /127.0.0.1:56958 to /127.0.0.1:58334" [_thread_blocked, id=21596, stack(0x00000094eb700000,0x00000094eb800000)]
  0x0000022144f36800 JavaThread "Stdin handler" [_thread_blocked, id=20188, stack(0x00000094eba00000,0x00000094ebb00000)]
  0x0000022144f31000 JavaThread "Thread-179" [_thread_blocked, id=19796, stack(0x00000094ebb00000,0x00000094ebc00000)]
  0x0000022144f31800 JavaThread "Cache worker for file hash cache (D:\java\training\Original\workshop-basic-day-03\.gradle\6.6.1\fileHashes)" [_thread_blocked, id=21492, stack(0x00000094ebc00000,0x00000094ebd00000)]
  0x0000022144f37800 JavaThread "Cache worker for checksums cache (D:\java\training\Original\workshop-basic-day-03\.gradle\checksums)" [_thread_blocked, id=19404, stack(0x00000094ebd00000,0x00000094ebe00000)]
  0x0000022144f3a800 JavaThread "Cache worker for cache directory md-rule (C:\Users\weera.y\.gradle\caches\6.6.1\md-rule)" [_thread_blocked, id=12080, stack(0x00000094ebf00000,0x00000094ec000000)]
  0x0000022144f3d000 JavaThread "Build operations" [_thread_blocked, id=20852, stack(0x00000094ec500000,0x00000094ec600000)]
  0x0000022144f3b800 JavaThread "Build operations Thread 2" [_thread_blocked, id=19452, stack(0x00000094ec600000,0x00000094ec700000)]
  0x0000022144f3c800 JavaThread "Build operations Thread 3" [_thread_blocked, id=1944, stack(0x00000094ec700000,0x00000094ec800000)]
  0x0000022144f39000 JavaThread "Build operations Thread 4" [_thread_blocked, id=17016, stack(0x00000094ec800000,0x00000094ec900000)]
  0x0000022144fef800 JavaThread "Memory manager" [_thread_blocked, id=20544, stack(0x00000094edc00000,0x00000094edd00000)]
  0x0000022144ff7000 JavaThread "Cache worker for Java compile cache (C:\Users\weera.y\.gradle\caches\6.6.1\javaCompile)" [_thread_blocked, id=16648, stack(0x00000094ee200000,0x00000094ee300000)]
=>0x000002214e862000 JavaThread "C2 CompilerThread1" daemon [_thread_in_native, id=22144, stack(0x00000094edb00000,0x00000094edc00000)]

Other Threads:
  0x000002214494a000 VMThread "VM Thread" [stack: 0x00000094ea700000,0x00000094ea800000] [id=19340]
  0x0000022144b82800 WatcherThread [stack: 0x00000094eb100000,0x00000094eb200000] [id=14852]
  0x00000221288bb000 GCTaskThread "GC Thread#0" [stack: 0x00000094ea200000,0x00000094ea300000] [id=7260]
  0x0000022145281800 GCTaskThread "GC Thread#1" [stack: 0x00000094eb200000,0x00000094eb300000] [id=13824]
  0x0000022145282800 GCTaskThread "GC Thread#2" [stack: 0x00000094eb300000,0x00000094eb400000] [id=17724]
  0x000002214549d800 GCTaskThread "GC Thread#3" [stack: 0x00000094eb400000,0x00000094eb500000] [id=5592]
  0x00000221288cb000 ConcurrentGCThread "G1 Main Marker" [stack: 0x00000094ea300000,0x00000094ea400000] [id=19180]
  0x00000221288cd000 ConcurrentGCThread "G1 Conc#0" [stack: 0x00000094ea400000,0x00000094ea500000] [id=20380]
  0x0000022143fdf800 ConcurrentGCThread "G1 Refine#0" [stack: 0x00000094ea500000,0x00000094ea600000] [id=14868]
  0x0000022143fe3000 ConcurrentGCThread "G1 Young RemSet Sampling" [stack: 0x00000094ea600000,0x00000094ea700000] [id=16340]

Threads with active compile tasks:
C2 CompilerThread017181       4       org.objectweb.asm.ClassReader::accept (1376 bytes)
C2 CompilerThread117178       4       org.objectweb.asm.ClassReader::readCode (5089 bytes)

VM state:not at safepoint (normal execution)

VM Mutex/Monitor currently owned by a thread: None

OutOfMemory and StackOverflow Exception counts:
OutOfMemoryError java_heap_errors=1
LinkageErrors=167

Heap address: 0x00000000e0000000, size: 512 MB, Compressed Oops mode: 32-bit
Narrow klass base: 0x0000000000000000, Narrow klass shift: 3
Compressed class space size: 260046848 Address: 0x0000000100000000

Heap:
 garbage-first heap   total 262144K, used 197788K [0x00000000e0000000, 0x0000000100000000)
  region size 1024K, 84 young (86016K), 12 survivors (12288K)
 Metaspace       used 86601K, capacity 88883K, committed 89344K, reserved 333824K
  class space    used 10351K, capacity 11169K, committed 11264K, reserved 253952K
Heap Regions: E=young(eden), S=young(survivor), O=old, HS=humongous(starts), HC=humongous(continues), CS=collection set, F=free, A=archive, TAMS=top-at-mark-start (previous, next)
|   0|0x00000000e0000000, 0x00000000e0100000, 0x00000000e0100000|100%| O|  |TAMS 0x00000000e0100000, 0x00000000e0000000| Untracked 
|   1|0x00000000e0100000, 0x00000000e0200000, 0x00000000e0200000|100%| O|  |TAMS 0x00000000e0200000, 0x00000000e0100000| Untracked 
|   2|0x00000000e0200000, 0x00000000e0300000, 0x00000000e0300000|100%| O|  |TAMS 0x00000000e0300000, 0x00000000e0200000| Untracked 
|   3|0x00000000e0300000, 0x00000000e0400000, 0x00000000e0400000|100%|HS|  |TAMS 0x00000000e0400000, 0x00000000e0300000| Complete 
|   4|0x00000000e0400000, 0x00000000e0500000, 0x00000000e0500000|100%|HC|  |TAMS 0x00000000e0500000, 0x00000000e0400000| Complete 
|   5|0x00000000e0500000, 0x00000000e0600000, 0x00000000e0600000|100%|HC|  |TAMS 0x00000000e0600000, 0x00000000e0500000| Complete 
|   6|0x00000000e0600000, 0x00000000e0700000, 0x00000000e0700000|100%| O|  |TAMS 0x00000000e0700000, 0x00000000e0600000| Untracked 
|   7|0x00000000e0700000, 0x00000000e0800000, 0x00000000e0800000|100%| O|  |TAMS 0x00000000e0800000, 0x00000000e0700000| Untracked 
|   8|0x00000000e0800000, 0x00000000e0900000, 0x00000000e0900000|100%| O|  |TAMS 0x00000000e0900000, 0x00000000e0800000| Untracked 
|   9|0x00000000e0900000, 0x00000000e0a00000, 0x00000000e0a00000|100%| O|  |TAMS 0x00000000e0a00000, 0x00000000e0900000| Untracked 
|  10|0x00000000e0a00000, 0x00000000e0b00000, 0x00000000e0b00000|100%| O|  |TAMS 0x00000000e0b00000, 0x00000000e0a00000| Untracked 
|  11|0x00000000e0b00000, 0x00000000e0c00000, 0x00000000e0c00000|100%| O|  |TAMS 0x00000000e0c00000, 0x00000000e0b00000| Untracked 
|  12|0x00000000e0c00000, 0x00000000e0d00000, 0x00000000e0d00000|100%| O|  |TAMS 0x00000000e0d00000, 0x00000000e0c00000| Untracked 
|  13|0x00000000e0d00000, 0x00000000e0e00000, 0x00000000e0e00000|100%|HS|  |TAMS 0x00000000e0e00000, 0x00000000e0d00000| Complete 
|  14|0x00000000e0e00000, 0x00000000e0f00000, 0x00000000e0f00000|100%|HC|  |TAMS 0x00000000e0f00000, 0x00000000e0e00000| Complete 
|  15|0x00000000e0f00000, 0x00000000e1000000, 0x00000000e1000000|100%|HS|  |TAMS 0x00000000e1000000, 0x00000000e0f00000| Complete 
|  16|0x00000000e1000000, 0x00000000e1100000, 0x00000000e1100000|100%|HC|  |TAMS 0x00000000e1100000, 0x00000000e1000000| Complete 
|  17|0x00000000e1100000, 0x00000000e1200000, 0x00000000e1200000|100%|HC|  |TAMS 0x00000000e1200000, 0x00000000e1100000| Complete 
|  18|0x00000000e1200000, 0x00000000e1300000, 0x00000000e1300000|100%|HS|  |TAMS 0x00000000e1300000, 0x00000000e1200000| Complete 
|  19|0x00000000e1300000, 0x00000000e1400000, 0x00000000e1400000|100%|HC|  |TAMS 0x00000000e1400000, 0x00000000e1300000| Complete 
|  20|0x00000000e1400000, 0x00000000e1500000, 0x00000000e1500000|100%|HC|  |TAMS 0x00000000e1500000, 0x00000000e1400000| Complete 
|  21|0x00000000e1500000, 0x00000000e1600000, 0x00000000e1600000|100%|HC|  |TAMS 0x00000000e1600000, 0x00000000e1500000| Complete 
|  22|0x00000000e1600000, 0x00000000e1700000, 0x00000000e1700000|100%| O|  |TAMS 0x00000000e1700000, 0x00000000e1600000| Untracked 
|  23|0x00000000e1700000, 0x00000000e1800000, 0x00000000e1800000|100%| O|  |TAMS 0x00000000e1800000, 0x00000000e1700000| Untracked 
|  24|0x00000000e1800000, 0x00000000e1900000, 0x00000000e1900000|100%| O|  |TAMS 0x00000000e1900000, 0x00000000e1800000| Untracked 
|  25|0x00000000e1900000, 0x00000000e1a00000, 0x00000000e1a00000|100%|HS|  |TAMS 0x00000000e1a00000, 0x00000000e1900000| Complete 
|  26|0x00000000e1a00000, 0x00000000e1b00000, 0x00000000e1b00000|100%|HC|  |TAMS 0x00000000e1b00000, 0x00000000e1a00000| Complete 
|  27|0x00000000e1b00000, 0x00000000e1c00000, 0x00000000e1c00000|100%|HC|  |TAMS 0x00000000e1c00000, 0x00000000e1b00000| Complete 
|  28|0x00000000e1c00000, 0x00000000e1d00000, 0x00000000e1d00000|100%|HC|  |TAMS 0x00000000e1d00000, 0x00000000e1c00000| Complete 
|  29|0x00000000e1d00000, 0x00000000e1e00000, 0x00000000e1e00000|100%|HS|  |TAMS 0x00000000e1e00000, 0x00000000e1d00000| Complete 
|  30|0x00000000e1e00000, 0x00000000e1f00000, 0x00000000e1f00000|100%|HC|  |TAMS 0x00000000e1f00000, 0x00000000e1e00000| Complete 
|  31|0x00000000e1f00000, 0x00000000e2000000, 0x00000000e2000000|100%|HC|  |TAMS 0x00000000e2000000, 0x00000000e1f00000| Complete 
|  32|0x00000000e2000000, 0x00000000e2100000, 0x00000000e2100000|100%| O|  |TAMS 0x00000000e2100000, 0x00000000e2000000| Untracked 
|  33|0x00000000e2100000, 0x00000000e2200000, 0x00000000e2200000|100%| O|  |TAMS 0x00000000e2200000, 0x00000000e2100000| Untracked 
|  34|0x00000000e2200000, 0x00000000e2300000, 0x00000000e2300000|100%| O|  |TAMS 0x00000000e2300000, 0x00000000e2200000| Untracked 
|  35|0x00000000e2300000, 0x00000000e2400000, 0x00000000e2400000|100%| O|  |TAMS 0x00000000e2400000, 0x00000000e2300000| Untracked 
|  36|0x00000000e2400000, 0x00000000e2500000, 0x00000000e2500000|100%| O|  |TAMS 0x00000000e2500000, 0x00000000e2400000| Untracked 
|  37|0x00000000e2500000, 0x00000000e2600000, 0x00000000e2600000|100%| O|  |TAMS 0x00000000e2600000, 0x00000000e2500000| Untracked 
|  38|0x00000000e2600000, 0x00000000e2700000, 0x00000000e2700000|100%| O|  |TAMS 0x00000000e2700000, 0x00000000e2600000| Untracked 
|  39|0x00000000e2700000, 0x00000000e2800000, 0x00000000e2800000|100%| O|  |TAMS 0x00000000e2800000, 0x00000000e2700000| Untracked 
|  40|0x00000000e2800000, 0x00000000e2900000, 0x00000000e2900000|100%| O|  |TAMS 0x00000000e2900000, 0x00000000e2800000| Untracked 
|  41|0x00000000e2900000, 0x00000000e2a00000, 0x00000000e2a00000|100%| O|  |TAMS 0x00000000e2a00000, 0x00000000e2900000| Untracked 
|  42|0x00000000e2a00000, 0x00000000e2b00000, 0x00000000e2b00000|100%| O|  |TAMS 0x00000000e2b00000, 0x00000000e2a00000| Untracked 
|  43|0x00000000e2b00000, 0x00000000e2c00000, 0x00000000e2c00000|100%| O|  |TAMS 0x00000000e2c00000, 0x00000000e2b00000| Untracked 
|  44|0x00000000e2c00000, 0x00000000e2d00000, 0x00000000e2d00000|100%| O|  |TAMS 0x00000000e2d00000, 0x00000000e2c00000| Untracked 
|  45|0x00000000e2d00000, 0x00000000e2e00000, 0x00000000e2e00000|100%| O|  |TAMS 0x00000000e2e00000, 0x00000000e2d00000| Untracked 
|  46|0x00000000e2e00000, 0x00000000e2f00000, 0x00000000e2f00000|100%| O|  |TAMS 0x00000000e2f00000, 0x00000000e2e00000| Untracked 
|  47|0x00000000e2f00000, 0x00000000e3000000, 0x00000000e3000000|100%| O|  |TAMS 0x00000000e3000000, 0x00000000e2f00000| Untracked 
|  48|0x00000000e3000000, 0x00000000e3100000, 0x00000000e3100000|100%| O|  |TAMS 0x00000000e3100000, 0x00000000e3000000| Untracked 
|  49|0x00000000e3100000, 0x00000000e3200000, 0x00000000e3200000|100%| O|  |TAMS 0x00000000e3200000, 0x00000000e3100000| Untracked 
|  50|0x00000000e3200000, 0x00000000e3300000, 0x00000000e3300000|100%| O|  |TAMS 0x00000000e3300000, 0x00000000e3200000| Untracked 
|  51|0x00000000e3300000, 0x00000000e3400000, 0x00000000e3400000|100%| O|  |TAMS 0x00000000e3400000, 0x00000000e3300000| Untracked 
|  52|0x00000000e3400000, 0x00000000e3500000, 0x00000000e3500000|100%| O|  |TAMS 0x00000000e3500000, 0x00000000e3400000| Untracked 
|  53|0x00000000e3500000, 0x00000000e3600000, 0x00000000e3600000|100%| O|  |TAMS 0x00000000e3600000, 0x00000000e3500000| Untracked 
|  54|0x00000000e3600000, 0x00000000e3700000, 0x00000000e3700000|100%| O|  |TAMS 0x00000000e3700000, 0x00000000e3600000| Untracked 
|  55|0x00000000e3700000, 0x00000000e3800000, 0x00000000e3800000|100%| O|  |TAMS 0x00000000e3800000, 0x00000000e3700000| Untracked 
|  56|0x00000000e3800000, 0x00000000e3900000, 0x00000000e3900000|100%| O|  |TAMS 0x00000000e3900000, 0x00000000e3800000| Untracked 
|  57|0x00000000e3900000, 0x00000000e3a00000, 0x00000000e3a00000|100%| O|  |TAMS 0x00000000e3a00000, 0x00000000e3900000| Untracked 
|  58|0x00000000e3a00000, 0x00000000e3b00000, 0x00000000e3b00000|100%| O|  |TAMS 0x00000000e3b00000, 0x00000000e3a00000| Untracked 
|  59|0x00000000e3b00000, 0x00000000e3c00000, 0x00000000e3c00000|100%| O|  |TAMS 0x00000000e3b00000, 0x00000000e3b00000| Untracked 
|  60|0x00000000e3c00000, 0x00000000e3d00000, 0x00000000e3d00000|100%| O|  |TAMS 0x00000000e3c00000, 0x00000000e3c00000| Untracked 
|  61|0x00000000e3d00000, 0x00000000e3e00000, 0x00000000e3e00000|100%| O|  |TAMS 0x00000000e3d00000, 0x00000000e3d00000| Untracked 
|  62|0x00000000e3e00000, 0x00000000e3f00000, 0x00000000e3f00000|100%| O|  |TAMS 0x00000000e3f00000, 0x00000000e3e00000| Untracked 
|  63|0x00000000e3f00000, 0x00000000e4000000, 0x00000000e4000000|100%| O|  |TAMS 0x00000000e3f00000, 0x00000000e3f00000| Untracked 
|  64|0x00000000e4000000, 0x00000000e4100000, 0x00000000e4100000|100%| O|  |TAMS 0x00000000e4000000, 0x00000000e4000000| Untracked 
|  65|0x00000000e4100000, 0x00000000e4200000, 0x00000000e4200000|100%| O|  |TAMS 0x00000000e4100000, 0x00000000e4100000| Untracked 
|  66|0x00000000e4200000, 0x00000000e4300000, 0x00000000e4300000|100%| O|  |TAMS 0x00000000e4200000, 0x00000000e4200000| Untracked 
|  67|0x00000000e4300000, 0x00000000e4400000, 0x00000000e4400000|100%| O|  |TAMS 0x00000000e4300000, 0x00000000e4300000| Untracked 
|  68|0x00000000e4400000, 0x00000000e4500000, 0x00000000e4500000|100%| O|  |TAMS 0x00000000e4400000, 0x00000000e4400000| Untracked 
|  69|0x00000000e4500000, 0x00000000e4600000, 0x00000000e4600000|100%| O|  |TAMS 0x00000000e4500000, 0x00000000e4500000| Untracked 
|  70|0x00000000e4600000, 0x00000000e4700000, 0x00000000e4700000|100%| O|  |TAMS 0x00000000e4600000, 0x00000000e4600000| Untracked 
|  71|0x00000000e4700000, 0x00000000e4800000, 0x00000000e4800000|100%| O|  |TAMS 0x00000000e4700000, 0x00000000e4700000| Untracked 
|  72|0x00000000e4800000, 0x00000000e4900000, 0x00000000e4900000|100%| O|  |TAMS 0x00000000e4800000, 0x00000000e4800000| Untracked 
|  73|0x00000000e4900000, 0x00000000e4a00000, 0x00000000e4a00000|100%| O|  |TAMS 0x00000000e4900000, 0x00000000e4900000| Untracked 
|  74|0x00000000e4a00000, 0x00000000e4b00000, 0x00000000e4b00000|100%| O|  |TAMS 0x00000000e4a00000, 0x00000000e4a00000| Untracked 
|  75|0x00000000e4b00000, 0x00000000e4c00000, 0x00000000e4c00000|100%| O|  |TAMS 0x00000000e4b00000, 0x00000000e4b00000| Untracked 
|  76|0x00000000e4c00000, 0x00000000e4d00000, 0x00000000e4d00000|100%| O|  |TAMS 0x00000000e4c00000, 0x00000000e4c00000| Untracked 
|  77|0x00000000e4d00000, 0x00000000e4e00000, 0x00000000e4e00000|100%| O|  |TAMS 0x00000000e4d00000, 0x00000000e4d00000| Untracked 
|  78|0x00000000e4e00000, 0x00000000e4f00000, 0x00000000e4f00000|100%| O|  |TAMS 0x00000000e4e00000, 0x00000000e4e00000| Untracked 
|  79|0x00000000e4f00000, 0x00000000e5000000, 0x00000000e5000000|100%| O|  |TAMS 0x00000000e4f00000, 0x00000000e4f00000| Untracked 
|  80|0x00000000e5000000, 0x00000000e5100000, 0x00000000e5100000|100%| O|  |TAMS 0x00000000e5000000, 0x00000000e5000000| Untracked 
|  81|0x00000000e5100000, 0x00000000e5200000, 0x00000000e5200000|100%|HS|  |TAMS 0x00000000e5100000, 0x00000000e5100000| Complete 
|  82|0x00000000e5200000, 0x00000000e5300000, 0x00000000e5300000|100%| O|  |TAMS 0x00000000e5200000, 0x00000000e5200000| Untracked 
|  83|0x00000000e5300000, 0x00000000e5400000, 0x00000000e5400000|100%| O|  |TAMS 0x00000000e5400000, 0x00000000e5300000| Untracked 
|  84|0x00000000e5400000, 0x00000000e5500000, 0x00000000e5500000|100%| O|  |TAMS 0x00000000e5500000, 0x00000000e5400000| Untracked 
|  85|0x00000000e5500000, 0x00000000e5600000, 0x00000000e5600000|100%| O|  |TAMS 0x00000000e5500000, 0x00000000e5500000| Untracked 
|  86|0x00000000e5600000, 0x00000000e5700000, 0x00000000e5700000|100%| O|  |TAMS 0x00000000e5600000, 0x00000000e5600000| Untracked 
|  87|0x00000000e5700000, 0x00000000e5800000, 0x00000000e5800000|100%| O|  |TAMS 0x00000000e5700000, 0x00000000e5700000| Untracked 
|  88|0x00000000e5800000, 0x00000000e5900000, 0x00000000e5900000|100%| O|  |TAMS 0x00000000e5800000, 0x00000000e5800000| Untracked 
|  89|0x00000000e5900000, 0x00000000e5a00000, 0x00000000e5a00000|100%| O|  |TAMS 0x00000000e5900000, 0x00000000e5900000| Untracked 
|  90|0x00000000e5a00000, 0x00000000e5b00000, 0x00000000e5b00000|100%| O|  |TAMS 0x00000000e5b00000, 0x00000000e5a00000| Untracked 
|  91|0x00000000e5b00000, 0x00000000e5c00000, 0x00000000e5c00000|100%| O|  |TAMS 0x00000000e5c00000, 0x00000000e5b00000| Untracked 
|  92|0x00000000e5c00000, 0x00000000e5d00000, 0x00000000e5d00000|100%| O|  |TAMS 0x00000000e5d00000, 0x00000000e5c00000| Untracked 
|  93|0x00000000e5d00000, 0x00000000e5e00000, 0x00000000e5e00000|100%| O|  |TAMS 0x00000000e5e00000, 0x00000000e5d00000| Untracked 
|  94|0x00000000e5e00000, 0x00000000e5f00000, 0x00000000e5f00000|100%|HS|  |TAMS 0x00000000e5e00000, 0x00000000e5e00000| Complete 
|  95|0x00000000e5f00000, 0x00000000e6000000, 0x00000000e6000000|100%| O|  |TAMS 0x00000000e5f00000, 0x00000000e5f00000| Untracked 
|  96|0x00000000e6000000, 0x00000000e6100000, 0x00000000e6100000|100%| O|  |TAMS 0x00000000e6000000, 0x00000000e6000000| Untracked 
|  97|0x00000000e6100000, 0x00000000e6200000, 0x00000000e6200000|100%| O|  |TAMS 0x00000000e6100000, 0x00000000e6100000| Untracked 
|  98|0x00000000e6200000, 0x00000000e6300000, 0x00000000e6300000|100%| O|  |TAMS 0x00000000e6200000, 0x00000000e6200000| Untracked 
|  99|0x00000000e6300000, 0x00000000e6400000, 0x00000000e6400000|100%| O|  |TAMS 0x00000000e6300000, 0x00000000e6300000| Untracked 
| 100|0x00000000e6400000, 0x00000000e6500000, 0x00000000e6500000|100%| O|  |TAMS 0x00000000e6400000, 0x00000000e6400000| Untracked 
| 101|0x00000000e6500000, 0x00000000e6600000, 0x00000000e6600000|100%| O|  |TAMS 0x00000000e6500000, 0x00000000e6500000| Untracked 
| 102|0x00000000e6600000, 0x00000000e6700000, 0x00000000e6700000|100%| O|  |TAMS 0x00000000e6600000, 0x00000000e6600000| Untracked 
| 103|0x00000000e6700000, 0x00000000e6800000, 0x00000000e6800000|100%| O|  |TAMS 0x00000000e6700000, 0x00000000e6700000| Untracked 
| 104|0x00000000e6800000, 0x00000000e6900000, 0x00000000e6900000|100%| O|  |TAMS 0x00000000e6800000, 0x00000000e6800000| Untracked 
| 105|0x00000000e6900000, 0x00000000e6a00000, 0x00000000e6a00000|100%| O|  |TAMS 0x00000000e6900000, 0x00000000e6900000| Untracked 
| 106|0x00000000e6a00000, 0x00000000e6b00000, 0x00000000e6b00000|100%| O|  |TAMS 0x00000000e6a00000, 0x00000000e6a00000| Untracked 
| 107|0x00000000e6b00000, 0x00000000e6c00000, 0x00000000e6c00000|100%| O|  |TAMS 0x00000000e6b00000, 0x00000000e6b00000| Untracked 
| 108|0x00000000e6c00000, 0x00000000e6c27000, 0x00000000e6d00000| 15%| O|  |TAMS 0x00000000e6c00000, 0x00000000e6c00000| Untracked 
| 109|0x00000000e6d00000, 0x00000000e6e00000, 0x00000000e6e00000|100%| O|  |TAMS 0x00000000e6e00000, 0x00000000e6d00000| Untracked 
| 110|0x00000000e6e00000, 0x00000000e6e00000, 0x00000000e6f00000|  0%| F|  |TAMS 0x00000000e6e00000, 0x00000000e6e00000| Untracked 
| 111|0x00000000e6f00000, 0x00000000e6f00000, 0x00000000e7000000|  0%| F|  |TAMS 0x00000000e6f00000, 0x00000000e6f00000| Untracked 
| 112|0x00000000e7000000, 0x00000000e7000000, 0x00000000e7100000|  0%| F|  |TAMS 0x00000000e7000000, 0x00000000e7000000| Untracked 
| 113|0x00000000e7100000, 0x00000000e7200000, 0x00000000e7200000|100%| O|  |TAMS 0x00000000e7100000, 0x00000000e7100000| Untracked 
| 114|0x00000000e7200000, 0x00000000e7200000, 0x00000000e7300000|  0%| F|  |TAMS 0x00000000e7200000, 0x00000000e7200000| Untracked 
| 115|0x00000000e7300000, 0x00000000e7300000, 0x00000000e7400000|  0%| F|  |TAMS 0x00000000e7300000, 0x00000000e7300000| Untracked 
| 116|0x00000000e7400000, 0x00000000e7400000, 0x00000000e7500000|  0%| F|  |TAMS 0x00000000e7400000, 0x00000000e7400000| Untracked 
| 117|0x00000000e7500000, 0x00000000e7500000, 0x00000000e7600000|  0%| F|  |TAMS 0x00000000e7500000, 0x00000000e7500000| Untracked 
| 118|0x00000000e7600000, 0x00000000e7600000, 0x00000000e7700000|  0%| F|  |TAMS 0x00000000e7600000, 0x00000000e7600000| Untracked 
| 119|0x00000000e7700000, 0x00000000e7700000, 0x00000000e7800000|  0%| F|  |TAMS 0x00000000e7700000, 0x00000000e7700000| Untracked 
| 120|0x00000000e7800000, 0x00000000e7800000, 0x00000000e7900000|  0%| F|  |TAMS 0x00000000e7800000, 0x00000000e7800000| Untracked 
| 121|0x00000000e7900000, 0x00000000e7900000, 0x00000000e7a00000|  0%| F|  |TAMS 0x00000000e7900000, 0x00000000e7900000| Untracked 
| 122|0x00000000e7a00000, 0x00000000e7a00000, 0x00000000e7b00000|  0%| F|  |TAMS 0x00000000e7a00000, 0x00000000e7a00000| Untracked 
| 123|0x00000000e7b00000, 0x00000000e7b00000, 0x00000000e7c00000|  0%| F|  |TAMS 0x00000000e7b00000, 0x00000000e7b00000| Untracked 
| 124|0x00000000e7c00000, 0x00000000e7c00000, 0x00000000e7d00000|  0%| F|  |TAMS 0x00000000e7c00000, 0x00000000e7c00000| Untracked 
| 125|0x00000000e7d00000, 0x00000000e7d00000, 0x00000000e7e00000|  0%| F|  |TAMS 0x00000000e7d00000, 0x00000000e7d00000| Untracked 
| 126|0x00000000e7e00000, 0x00000000e7e00000, 0x00000000e7f00000|  0%| F|  |TAMS 0x00000000e7e00000, 0x00000000e7e00000| Untracked 
| 127|0x00000000e7f00000, 0x00000000e7f00000, 0x00000000e8000000|  0%| F|  |TAMS 0x00000000e7f00000, 0x00000000e7f00000| Untracked 
| 128|0x00000000e8000000, 0x00000000e8000000, 0x00000000e8100000|  0%| F|  |TAMS 0x00000000e8000000, 0x00000000e8000000| Untracked 
| 129|0x00000000e8100000, 0x00000000e8100000, 0x00000000e8200000|  0%| F|  |TAMS 0x00000000e8100000, 0x00000000e8100000| Untracked 
| 130|0x00000000e8200000, 0x00000000e8200000, 0x00000000e8300000|  0%| F|  |TAMS 0x00000000e8200000, 0x00000000e8200000| Untracked 
| 131|0x00000000e8300000, 0x00000000e8300000, 0x00000000e8400000|  0%| F|  |TAMS 0x00000000e8300000, 0x00000000e8300000| Untracked 
| 132|0x00000000e8400000, 0x00000000e8400000, 0x00000000e8500000|  0%| F|  |TAMS 0x00000000e8400000, 0x00000000e8400000| Untracked 
| 133|0x00000000e8500000, 0x00000000e8500000, 0x00000000e8600000|  0%| F|  |TAMS 0x00000000e8500000, 0x00000000e8500000| Untracked 
| 134|0x00000000e8600000, 0x00000000e8600000, 0x00000000e8700000|  0%| F|  |TAMS 0x00000000e8600000, 0x00000000e8600000| Untracked 
| 135|0x00000000e8700000, 0x00000000e8700000, 0x00000000e8800000|  0%| F|  |TAMS 0x00000000e8700000, 0x00000000e8700000| Untracked 
| 136|0x00000000e8800000, 0x00000000e8800000, 0x00000000e8900000|  0%| F|  |TAMS 0x00000000e8800000, 0x00000000e8800000| Untracked 
| 137|0x00000000e8900000, 0x00000000e8900000, 0x00000000e8a00000|  0%| F|  |TAMS 0x00000000e8900000, 0x00000000e8900000| Untracked 
| 138|0x00000000e8a00000, 0x00000000e8a00000, 0x00000000e8b00000|  0%| F|  |TAMS 0x00000000e8a00000, 0x00000000e8a00000| Untracked 
| 139|0x00000000e8b00000, 0x00000000e8b00000, 0x00000000e8c00000|  0%| F|  |TAMS 0x00000000e8b00000, 0x00000000e8b00000| Untracked 
| 140|0x00000000e8c00000, 0x00000000e8c00000, 0x00000000e8d00000|  0%| F|  |TAMS 0x00000000e8c00000, 0x00000000e8c00000| Untracked 
| 141|0x00000000e8d00000, 0x00000000e8d00000, 0x00000000e8e00000|  0%| F|  |TAMS 0x00000000e8d00000, 0x00000000e8d00000| Untracked 
| 142|0x00000000e8e00000, 0x00000000e8e00000, 0x00000000e8f00000|  0%| F|  |TAMS 0x00000000e8e00000, 0x00000000e8e00000| Untracked 
| 143|0x00000000e8f00000, 0x00000000e8f00000, 0x00000000e9000000|  0%| F|  |TAMS 0x00000000e8f00000, 0x00000000e8f00000| Untracked 
| 144|0x00000000e9000000, 0x00000000e9000000, 0x00000000e9100000|  0%| F|  |TAMS 0x00000000e9000000, 0x00000000e9000000| Untracked 
| 145|0x00000000e9100000, 0x00000000e9100000, 0x00000000e9200000|  0%| F|  |TAMS 0x00000000e9100000, 0x00000000e9100000| Untracked 
| 146|0x00000000e9200000, 0x00000000e9300000, 0x00000000e9300000|100%| S|CS|TAMS 0x00000000e9200000, 0x00000000e9200000| Complete 
| 147|0x00000000e9300000, 0x00000000e9400000, 0x00000000e9400000|100%| S|CS|TAMS 0x00000000e9300000, 0x00000000e9300000| Complete 
| 148|0x00000000e9400000, 0x00000000e9500000, 0x00000000e9500000|100%| S|CS|TAMS 0x00000000e9400000, 0x00000000e9400000| Complete 
| 149|0x00000000e9500000, 0x00000000e9600000, 0x00000000e9600000|100%| S|CS|TAMS 0x00000000e9500000, 0x00000000e9500000| Complete 
| 150|0x00000000e9600000, 0x00000000e9700000, 0x00000000e9700000|100%| S|CS|TAMS 0x00000000e9600000, 0x00000000e9600000| Complete 
| 151|0x00000000e9700000, 0x00000000e9800000, 0x00000000e9800000|100%| S|CS|TAMS 0x00000000e9700000, 0x00000000e9700000| Complete 
| 152|0x00000000e9800000, 0x00000000e9800000, 0x00000000e9900000|  0%| F|  |TAMS 0x00000000e9800000, 0x00000000e9800000| Untracked 
| 153|0x00000000e9900000, 0x00000000e9900000, 0x00000000e9a00000|  0%| F|  |TAMS 0x00000000e9900000, 0x00000000e9900000| Untracked 
| 154|0x00000000e9a00000, 0x00000000e9a00000, 0x00000000e9b00000|  0%| F|  |TAMS 0x00000000e9a00000, 0x00000000e9a00000| Untracked 
| 155|0x00000000e9b00000, 0x00000000e9b00000, 0x00000000e9c00000|  0%| F|  |TAMS 0x00000000e9b00000, 0x00000000e9b00000| Untracked 
| 156|0x00000000e9c00000, 0x00000000e9c00000, 0x00000000e9d00000|  0%| F|  |TAMS 0x00000000e9c00000, 0x00000000e9c00000| Untracked 
| 157|0x00000000e9d00000, 0x00000000e9d00000, 0x00000000e9e00000|  0%| F|  |TAMS 0x00000000e9d00000, 0x00000000e9d00000| Untracked 
| 158|0x00000000e9e00000, 0x00000000e9e00000, 0x00000000e9f00000|  0%| F|  |TAMS 0x00000000e9e00000, 0x00000000e9e00000| Untracked 
| 159|0x00000000e9f00000, 0x00000000e9f00000, 0x00000000ea000000|  0%| F|  |TAMS 0x00000000e9f00000, 0x00000000e9f00000| Untracked 
| 160|0x00000000ea000000, 0x00000000ea000000, 0x00000000ea100000|  0%| F|  |TAMS 0x00000000ea000000, 0x00000000ea000000| Untracked 
| 161|0x00000000ea100000, 0x00000000ea200000, 0x00000000ea200000|100%| S|CS|TAMS 0x00000000ea100000, 0x00000000ea100000| Complete 
| 162|0x00000000ea200000, 0x00000000ea300000, 0x00000000ea300000|100%| S|CS|TAMS 0x00000000ea200000, 0x00000000ea200000| Complete 
| 163|0x00000000ea300000, 0x00000000ea400000, 0x00000000ea400000|100%| S|CS|TAMS 0x00000000ea300000, 0x00000000ea300000| Complete 
| 164|0x00000000ea400000, 0x00000000ea500000, 0x00000000ea500000|100%| S|CS|TAMS 0x00000000ea400000, 0x00000000ea400000| Complete 
| 165|0x00000000ea500000, 0x00000000ea600000, 0x00000000ea600000|100%| S|CS|TAMS 0x00000000ea500000, 0x00000000ea500000| Complete 
| 166|0x00000000ea600000, 0x00000000ea700000, 0x00000000ea700000|100%| S|CS|TAMS 0x00000000ea600000, 0x00000000ea600000| Complete 
| 167|0x00000000ea700000, 0x00000000ea700000, 0x00000000ea800000|  0%| F|  |TAMS 0x00000000ea700000, 0x00000000ea700000| Untracked 
| 168|0x00000000ea800000, 0x00000000ea800000, 0x00000000ea900000|  0%| F|  |TAMS 0x00000000ea800000, 0x00000000ea800000| Untracked 
| 169|0x00000000ea900000, 0x00000000ea900000, 0x00000000eaa00000|  0%| F|  |TAMS 0x00000000ea900000, 0x00000000ea900000| Untracked 
| 170|0x00000000eaa00000, 0x00000000eaa00000, 0x00000000eab00000|  0%| F|  |TAMS 0x00000000eaa00000, 0x00000000eaa00000| Untracked 
| 171|0x00000000eab00000, 0x00000000eab00000, 0x00000000eac00000|  0%| F|  |TAMS 0x00000000eab00000, 0x00000000eab00000| Untracked 
| 172|0x00000000eac00000, 0x00000000eac00000, 0x00000000ead00000|  0%| F|  |TAMS 0x00000000eac00000, 0x00000000eac00000| Untracked 
| 173|0x00000000ead00000, 0x00000000ead00000, 0x00000000eae00000|  0%| F|  |TAMS 0x00000000ead00000, 0x00000000ead00000| Untracked 
| 174|0x00000000eae00000, 0x00000000eae00000, 0x00000000eaf00000|  0%| F|  |TAMS 0x00000000eae00000, 0x00000000eae00000| Untracked 
| 175|0x00000000eaf00000, 0x00000000eaf00000, 0x00000000eb000000|  0%| F|  |TAMS 0x00000000eaf00000, 0x00000000eaf00000| Untracked 
| 176|0x00000000eb000000, 0x00000000eb000000, 0x00000000eb100000|  0%| F|  |TAMS 0x00000000eb000000, 0x00000000eb000000| Untracked 
| 177|0x00000000eb100000, 0x00000000eb100000, 0x00000000eb200000|  0%| F|  |TAMS 0x00000000eb100000, 0x00000000eb100000| Untracked 
| 178|0x00000000eb200000, 0x00000000eb200000, 0x00000000eb300000|  0%| F|  |TAMS 0x00000000eb200000, 0x00000000eb200000| Untracked 
| 179|0x00000000eb300000, 0x00000000eb300000, 0x00000000eb400000|  0%| F|  |TAMS 0x00000000eb300000, 0x00000000eb300000| Untracked 
| 180|0x00000000eb400000, 0x00000000eb400000, 0x00000000eb500000|  0%| F|  |TAMS 0x00000000eb400000, 0x00000000eb400000| Untracked 
| 181|0x00000000eb500000, 0x00000000eb500000, 0x00000000eb600000|  0%| F|  |TAMS 0x00000000eb500000, 0x00000000eb500000| Untracked 
| 182|0x00000000eb600000, 0x00000000eb600000, 0x00000000eb700000|  0%| F|  |TAMS 0x00000000eb600000, 0x00000000eb600000| Untracked 
| 183|0x00000000eb700000, 0x00000000eb700000, 0x00000000eb800000|  0%| F|  |TAMS 0x00000000eb700000, 0x00000000eb700000| Untracked 
| 184|0x00000000eb800000, 0x00000000eb829470, 0x00000000eb900000| 16%| E|  |TAMS 0x00000000eb800000, 0x00000000eb800000| Complete 
| 185|0x00000000eb900000, 0x00000000eba00000, 0x00000000eba00000|100%| E|CS|TAMS 0x00000000eb900000, 0x00000000eb900000| Complete 
| 186|0x00000000eba00000, 0x00000000ebb00000, 0x00000000ebb00000|100%| E|CS|TAMS 0x00000000eba00000, 0x00000000eba00000| Complete 
| 187|0x00000000ebb00000, 0x00000000ebc00000, 0x00000000ebc00000|100%| E|CS|TAMS 0x00000000ebb00000, 0x00000000ebb00000| Complete 
| 188|0x00000000ebc00000, 0x00000000ebd00000, 0x00000000ebd00000|100%| E|CS|TAMS 0x00000000ebc00000, 0x00000000ebc00000| Complete 
| 189|0x00000000ebd00000, 0x00000000ebe00000, 0x00000000ebe00000|100%| E|CS|TAMS 0x00000000ebd00000, 0x00000000ebd00000| Complete 
| 190|0x00000000ebe00000, 0x00000000ebf00000, 0x00000000ebf00000|100%| E|CS|TAMS 0x00000000ebe00000, 0x00000000ebe00000| Complete 
| 191|0x00000000ebf00000, 0x00000000ec000000, 0x00000000ec000000|100%| E|CS|TAMS 0x00000000ebf00000, 0x00000000ebf00000| Complete 
| 192|0x00000000ec000000, 0x00000000ec100000, 0x00000000ec100000|100%| E|CS|TAMS 0x00000000ec000000, 0x00000000ec000000| Complete 
| 193|0x00000000ec100000, 0x00000000ec200000, 0x00000000ec200000|100%| E|CS|TAMS 0x00000000ec100000, 0x00000000ec100000| Complete 
| 194|0x00000000ec200000, 0x00000000ec300000, 0x00000000ec300000|100%| E|CS|TAMS 0x00000000ec200000, 0x00000000ec200000| Complete 
| 195|0x00000000ec300000, 0x00000000ec400000, 0x00000000ec400000|100%| E|CS|TAMS 0x00000000ec300000, 0x00000000ec300000| Complete 
| 196|0x00000000ec400000, 0x00000000ec500000, 0x00000000ec500000|100%| E|CS|TAMS 0x00000000ec400000, 0x00000000ec400000| Complete 
| 197|0x00000000ec500000, 0x00000000ec600000, 0x00000000ec600000|100%| E|CS|TAMS 0x00000000ec500000, 0x00000000ec500000| Complete 
| 198|0x00000000ec600000, 0x00000000ec700000, 0x00000000ec700000|100%| E|CS|TAMS 0x00000000ec600000, 0x00000000ec600000| Complete 
| 199|0x00000000ec700000, 0x00000000ec800000, 0x00000000ec800000|100%| E|CS|TAMS 0x00000000ec700000, 0x00000000ec700000| Complete 
| 200|0x00000000ec800000, 0x00000000ec900000, 0x00000000ec900000|100%| E|CS|TAMS 0x00000000ec800000, 0x00000000ec800000| Complete 
| 201|0x00000000ec900000, 0x00000000eca00000, 0x00000000eca00000|100%| E|CS|TAMS 0x00000000ec900000, 0x00000000ec900000| Complete 
| 202|0x00000000eca00000, 0x00000000ecb00000, 0x00000000ecb00000|100%| E|CS|TAMS 0x00000000eca00000, 0x00000000eca00000| Complete 
| 203|0x00000000ecb00000, 0x00000000ecc00000, 0x00000000ecc00000|100%| E|CS|TAMS 0x00000000ecb00000, 0x00000000ecb00000| Complete 
| 204|0x00000000ecc00000, 0x00000000ecd00000, 0x00000000ecd00000|100%| E|CS|TAMS 0x00000000ecc00000, 0x00000000ecc00000| Complete 
| 205|0x00000000ecd00000, 0x00000000ece00000, 0x00000000ece00000|100%| E|CS|TAMS 0x00000000ecd00000, 0x00000000ecd00000| Complete 
| 206|0x00000000ece00000, 0x00000000ecf00000, 0x00000000ecf00000|100%| E|CS|TAMS 0x00000000ece00000, 0x00000000ece00000| Complete 
| 207|0x00000000ecf00000, 0x00000000ed000000, 0x00000000ed000000|100%| E|CS|TAMS 0x00000000ecf00000, 0x00000000ecf00000| Complete 
| 208|0x00000000ed000000, 0x00000000ed100000, 0x00000000ed100000|100%| E|CS|TAMS 0x00000000ed000000, 0x00000000ed000000| Complete 
| 209|0x00000000ed100000, 0x00000000ed200000, 0x00000000ed200000|100%| E|CS|TAMS 0x00000000ed100000, 0x00000000ed100000| Complete 
| 210|0x00000000ed200000, 0x00000000ed300000, 0x00000000ed300000|100%| E|CS|TAMS 0x00000000ed200000, 0x00000000ed200000| Complete 
| 211|0x00000000ed300000, 0x00000000ed400000, 0x00000000ed400000|100%| E|CS|TAMS 0x00000000ed300000, 0x00000000ed300000| Complete 
| 212|0x00000000ed400000, 0x00000000ed500000, 0x00000000ed500000|100%| E|CS|TAMS 0x00000000ed400000, 0x00000000ed400000| Complete 
| 213|0x00000000ed500000, 0x00000000ed600000, 0x00000000ed600000|100%| E|CS|TAMS 0x00000000ed500000, 0x00000000ed500000| Complete 
| 214|0x00000000ed600000, 0x00000000ed700000, 0x00000000ed700000|100%| E|CS|TAMS 0x00000000ed600000, 0x00000000ed600000| Complete 
| 215|0x00000000ed700000, 0x00000000ed800000, 0x00000000ed800000|100%| E|CS|TAMS 0x00000000ed700000, 0x00000000ed700000| Complete 
| 216|0x00000000ed800000, 0x00000000ed900000, 0x00000000ed900000|100%| E|CS|TAMS 0x00000000ed800000, 0x00000000ed800000| Complete 
| 217|0x00000000ed900000, 0x00000000eda00000, 0x00000000eda00000|100%| E|CS|TAMS 0x00000000ed900000, 0x00000000ed900000| Complete 
| 218|0x00000000eda00000, 0x00000000edb00000, 0x00000000edb00000|100%| E|CS|TAMS 0x00000000eda00000, 0x00000000eda00000| Complete 
| 219|0x00000000edb00000, 0x00000000edc00000, 0x00000000edc00000|100%| E|CS|TAMS 0x00000000edb00000, 0x00000000edb00000| Complete 
| 220|0x00000000edc00000, 0x00000000edd00000, 0x00000000edd00000|100%| E|CS|TAMS 0x00000000edc00000, 0x00000000edc00000| Complete 
| 221|0x00000000edd00000, 0x00000000ede00000, 0x00000000ede00000|100%| E|CS|TAMS 0x00000000edd00000, 0x00000000edd00000| Complete 
| 222|0x00000000ede00000, 0x00000000edf00000, 0x00000000edf00000|100%| E|CS|TAMS 0x00000000ede00000, 0x00000000ede00000| Complete 
| 223|0x00000000edf00000, 0x00000000ee000000, 0x00000000ee000000|100%| E|CS|TAMS 0x00000000edf00000, 0x00000000edf00000| Complete 
| 224|0x00000000ee000000, 0x00000000ee100000, 0x00000000ee100000|100%| E|CS|TAMS 0x00000000ee000000, 0x00000000ee000000| Complete 
| 225|0x00000000ee100000, 0x00000000ee200000, 0x00000000ee200000|100%| E|CS|TAMS 0x00000000ee100000, 0x00000000ee100000| Complete 
| 226|0x00000000ee200000, 0x00000000ee300000, 0x00000000ee300000|100%| E|CS|TAMS 0x00000000ee200000, 0x00000000ee200000| Complete 
| 227|0x00000000ee300000, 0x00000000ee400000, 0x00000000ee400000|100%| E|CS|TAMS 0x00000000ee300000, 0x00000000ee300000| Complete 
| 228|0x00000000ee400000, 0x00000000ee500000, 0x00000000ee500000|100%| E|CS|TAMS 0x00000000ee400000, 0x00000000ee400000| Complete 
| 229|0x00000000ee500000, 0x00000000ee600000, 0x00000000ee600000|100%| E|CS|TAMS 0x00000000ee500000, 0x00000000ee500000| Complete 
| 230|0x00000000ee600000, 0x00000000ee700000, 0x00000000ee700000|100%| E|CS|TAMS 0x00000000ee600000, 0x00000000ee600000| Complete 
| 231|0x00000000ee700000, 0x00000000ee800000, 0x00000000ee800000|100%| E|CS|TAMS 0x00000000ee700000, 0x00000000ee700000| Complete 
| 232|0x00000000ee800000, 0x00000000ee900000, 0x00000000ee900000|100%| E|CS|TAMS 0x00000000ee800000, 0x00000000ee800000| Complete 
| 233|0x00000000ee900000, 0x00000000eea00000, 0x00000000eea00000|100%| E|CS|TAMS 0x00000000ee900000, 0x00000000ee900000| Complete 
| 234|0x00000000eea00000, 0x00000000eeb00000, 0x00000000eeb00000|100%| E|CS|TAMS 0x00000000eea00000, 0x00000000eea00000| Complete 
| 235|0x00000000eeb00000, 0x00000000eec00000, 0x00000000eec00000|100%| E|CS|TAMS 0x00000000eeb00000, 0x00000000eeb00000| Complete 
| 236|0x00000000eec00000, 0x00000000eed00000, 0x00000000eed00000|100%| E|CS|TAMS 0x00000000eec00000, 0x00000000eec00000| Complete 
| 237|0x00000000eed00000, 0x00000000eee00000, 0x00000000eee00000|100%| E|CS|TAMS 0x00000000eed00000, 0x00000000eed00000| Complete 
| 238|0x00000000eee00000, 0x00000000eef00000, 0x00000000eef00000|100%| E|CS|TAMS 0x00000000eee00000, 0x00000000eee00000| Complete 
| 239|0x00000000eef00000, 0x00000000ef000000, 0x00000000ef000000|100%| E|CS|TAMS 0x00000000eef00000, 0x00000000eef00000| Complete 
| 240|0x00000000ef000000, 0x00000000ef100000, 0x00000000ef100000|100%| E|CS|TAMS 0x00000000ef000000, 0x00000000ef000000| Complete 
| 241|0x00000000ef100000, 0x00000000ef200000, 0x00000000ef200000|100%| E|CS|TAMS 0x00000000ef100000, 0x00000000ef100000| Complete 
| 242|0x00000000ef200000, 0x00000000ef300000, 0x00000000ef300000|100%| E|CS|TAMS 0x00000000ef200000, 0x00000000ef200000| Complete 
| 243|0x00000000ef300000, 0x00000000ef400000, 0x00000000ef400000|100%| E|CS|TAMS 0x00000000ef300000, 0x00000000ef300000| Complete 
| 244|0x00000000ef400000, 0x00000000ef500000, 0x00000000ef500000|100%| E|CS|TAMS 0x00000000ef400000, 0x00000000ef400000| Complete 
| 245|0x00000000ef500000, 0x00000000ef600000, 0x00000000ef600000|100%| E|CS|TAMS 0x00000000ef500000, 0x00000000ef500000| Complete 
| 246|0x00000000ef600000, 0x00000000ef700000, 0x00000000ef700000|100%| E|CS|TAMS 0x00000000ef600000, 0x00000000ef600000| Complete 
| 247|0x00000000ef700000, 0x00000000ef800000, 0x00000000ef800000|100%| E|CS|TAMS 0x00000000ef700000, 0x00000000ef700000| Complete 
| 248|0x00000000ef800000, 0x00000000ef900000, 0x00000000ef900000|100%| E|CS|TAMS 0x00000000ef800000, 0x00000000ef800000| Complete 
| 249|0x00000000ef900000, 0x00000000efa00000, 0x00000000efa00000|100%| E|CS|TAMS 0x00000000ef900000, 0x00000000ef900000| Complete 
| 250|0x00000000efa00000, 0x00000000efb00000, 0x00000000efb00000|100%| E|CS|TAMS 0x00000000efa00000, 0x00000000efa00000| Complete 
| 251|0x00000000efb00000, 0x00000000efc00000, 0x00000000efc00000|100%| E|CS|TAMS 0x00000000efb00000, 0x00000000efb00000| Complete 
| 252|0x00000000efc00000, 0x00000000efd00000, 0x00000000efd00000|100%| E|CS|TAMS 0x00000000efc00000, 0x00000000efc00000| Complete 
| 253|0x00000000efd00000, 0x00000000efe00000, 0x00000000efe00000|100%| E|CS|TAMS 0x00000000efd00000, 0x00000000efd00000| Complete 
| 254|0x00000000efe00000, 0x00000000eff00000, 0x00000000eff00000|100%| E|CS|TAMS 0x00000000efe00000, 0x00000000efe00000| Complete 
| 255|0x00000000eff00000, 0x00000000f0000000, 0x00000000f0000000|100%| E|CS|TAMS 0x00000000eff00000, 0x00000000eff00000| Complete 

Card table byte_map: [0x00000221408e0000,0x00000221409e0000] _byte_map_base: 0x00000221401e0000

Marking Bits (Prev, Next): (CMBitMap*) 0x00000221288c80f0, (CMBitMap*) 0x00000221288c80b8
 Prev Bits: [0x00000221412e0000, 0x0000022141ae0000)
 Next Bits: [0x0000022140ae0000, 0x00000221412e0000)

Polling page: 0x00000221287c0000

Metaspace:

Usage:
  Non-class:     75.89 MB capacity,    74.46 MB ( 98%) used,     1.20 MB (  2%) free+waste,   231.13 KB ( <1%) overhead. 
      Class:     10.91 MB capacity,    10.11 MB ( 93%) used,   716.06 KB (  6%) free+waste,   101.81 KB ( <1%) overhead. 
       Both:     86.80 MB capacity,    84.57 MB ( 97%) used,     1.90 MB (  2%) free+waste,   332.94 KB ( <1%) overhead. 

Virtual space:
  Non-class space:       78.00 MB reserved,      76.25 MB ( 98%) committed 
      Class space:      248.00 MB reserved,      11.00 MB (  4%) committed 
             Both:      326.00 MB reserved,      87.25 MB ( 27%) committed 

Chunk freelists:
   Non-Class:  238.00 KB
       Class:  63.00 KB
        Both:  301.00 KB

CodeHeap 'non-profiled nmethods': size=120064Kb used=12219Kb max_used=12417Kb free=107844Kb
 bounds [0x0000022138c70000, 0x00000221398a0000, 0x00000221401b0000]
CodeHeap 'profiled nmethods': size=120000Kb used=34487Kb max_used=34913Kb free=85512Kb
 bounds [0x0000022131740000, 0x0000022133990000, 0x0000022138c70000]
CodeHeap 'non-nmethods': size=5696Kb used=2301Kb max_used=2364Kb free=3394Kb
 bounds [0x00000221311b0000, 0x0000022131420000, 0x0000022131740000]
 total_blobs=23080 nmethods=14422 adapters=816
 compilation: enabled
              stopped_count=0, restarted_count=0
 full_count=0

Compilation events (10 events):
Event: 4204.720 Thread 0x000002214497b800 nmethod 17167 0x0000022138d60510 code [0x0000022138d606c0, 0x0000022138d608d8]
Event: 4204.720 Thread 0x000002214497b800 17197       4       org.objectweb.asm.ClassReader::readUtf (44 bytes)
Event: 4204.725 Thread 0x000002214497b800 nmethod 17197 0x0000022138d5fe90 code [0x0000022138d60040, 0x0000022138d60308]
Event: 4204.725 Thread 0x000002214497b800 17181       4       org.objectweb.asm.ClassReader::accept (1376 bytes)
Event: 4204.745 Thread 0x0000022144981000 17203       3       org.objectweb.asm.MethodWriter::putMethodInfo (1274 bytes)
Event: 4204.749 Thread 0x0000022144981000 nmethod 17203 0x000002213187ae10 code [0x000002213187b4c0, 0x000002213187dbb0]
Event: 4204.776 Thread 0x0000022144981000 17204 %     3       org.objectweb.asm.ClassReader::readMethod @ 103 (1061 bytes)
Event: 4204.784 Thread 0x0000022144981000 nmethod 17204% 0x0000022131c45290 code [0x0000022131c45a20, 0x0000022131c4b020]
Event: 4204.784 Thread 0x0000022144981000 17205       3       org.objectweb.asm.ClassReader::readMethod (1061 bytes)
Event: 4204.792 Thread 0x0000022144981000 nmethod 17205 0x0000022133980e90 code [0x0000022133981600, 0x0000022133986740]

GC Heap History (10 events):
Event: 4198.822 GC heap before
{Heap before GC invocations=37 (full 0):
 garbage-first heap   total 262144K, used 104203K [0x00000000e0000000, 0x0000000100000000)
  region size 1024K, 12 young (12288K), 2 survivors (2048K)
 Metaspace       used 83571K, capacity 85789K, committed 86784K, reserved 329728K
  class space    used 10021K, capacity 10732K, committed 11008K, reserved 253952K
}
Event: 4198.831 GC heap after
{Heap after GC invocations=38 (full 0):
 garbage-first heap   total 262144K, used 83622K [0x00000000e0000000, 0x0000000100000000)
  region size 1024K, 1 young (1024K), 1 survivors (1024K)
 Metaspace       used 83571K, capacity 85789K, committed 86784K, reserved 329728K
  class space    used 10021K, capacity 10732K, committed 11008K, reserved 253952K
}
Event: 4201.596 GC heap before
{Heap before GC invocations=38 (full 0):
 garbage-first heap   total 262144K, used 199334K [0x00000000e0000000, 0x0000000100000000)
  region size 1024K, 114 young (116736K), 1 survivors (1024K)
 Metaspace       used 86255K, capacity 88549K, committed 89088K, reserved 331776K
  class space    used 10322K, capacity 11128K, committed 11264K, reserved 253952K
}
Event: 4201.657 GC heap after
{Heap after GC invocations=39 (full 0):
 garbage-first heap   total 262144K, used 108687K [0x00000000e0000000, 0x0000000100000000)
  region size 1024K, 15 young (15360K), 15 survivors (15360K)
 Metaspace       used 86255K, capacity 88549K, committed 89088K, reserved 331776K
  class space    used 10322K, capacity 11128K, committed 11264K, reserved 253952K
}
Event: 4202.312 GC heap before
{Heap before GC invocations=39 (full 0):
 garbage-first heap   total 262144K, used 198799K [0x00000000e0000000, 0x0000000100000000)
  region size 1024K, 104 young (106496K), 15 survivors (15360K)
 Metaspace       used 86269K, capacity 88550K, committed 89088K, reserved 331776K
  class space    used 10322K, capacity 11128K, committed 11264K, reserved 253952K
}
Event: 4202.350 GC heap after
{Heap after GC invocations=40 (full 0):
 garbage-first heap   total 262144K, used 113872K [0x00000000e0000000, 0x0000000100000000)
  region size 1024K, 6 young (6144K), 6 survivors (6144K)
 Metaspace       used 86269K, capacity 88550K, committed 89088K, reserved 331776K
  class space    used 10322K, capacity 11128K, committed 11264K, reserved 253952K
}
Event: 4202.914 GC heap before
{Heap before GC invocations=40 (full 0):
 garbage-first heap   total 262144K, used 203984K [0x00000000e0000000, 0x0000000100000000)
  region size 1024K, 94 young (96256K), 6 survivors (6144K)
 Metaspace       used 86287K, capacity 88552K, committed 89088K, reserved 331776K
  class space    used 10322K, capacity 11128K, committed 11264K, reserved 253952K
}
Event: 4202.925 GC heap after
{Heap after GC invocations=41 (full 0):
 garbage-first heap   total 262144K, used 118391K [0x00000000e0000000, 0x0000000100000000)
  region size 1024K, 10 young (10240K), 10 survivors (10240K)
 Metaspace       used 86287K, capacity 88552K, committed 89088K, reserved 331776K
  class space    used 10322K, capacity 11128K, committed 11264K, reserved 253952K
}
Event: 4204.239 GC heap before
{Heap before GC invocations=41 (full 0):
 garbage-first heap   total 262144K, used 209527K [0x00000000e0000000, 0x0000000100000000)
  region size 1024K, 98 young (100352K), 10 survivors (10240K)
 Metaspace       used 86567K, capacity 88850K, committed 89344K, reserved 333824K
  class space    used 10346K, capacity 11162K, committed 11264K, reserved 253952K
}
Event: 4204.256 GC heap after
{Heap after GC invocations=42 (full 0):
 garbage-first heap   total 262144K, used 125084K [0x00000000e0000000, 0x0000000100000000)
  region size 1024K, 12 young (12288K), 12 survivors (12288K)
 Metaspace       used 86567K, capacity 88850K, committed 89344K, reserved 333824K
  class space    used 10346K, capacity 11162K, committed 11264K, reserved 253952K
}

Deoptimization events (10 events):
Event: 4204.553 Thread 0x0000022144fee800 DEOPT PACKING pc=0x0000022138e3a16c sp=0x00000094eb6f9130
Event: 4204.553 Thread 0x0000022144fee800 DEOPT UNPACKING pc=0x00000221311d8f2f sp=0x00000094eb6f9088 mode 2
Event: 4204.742 Thread 0x0000022144fee800 Uncommon trap: trap_request=0xffffff4d fr.pc=0x00000221394ad9b4 relative=0x0000000000002a94
Event: 4204.742 Thread 0x0000022144fee800 Uncommon trap: reason=unstable_if action=reinterpret pc=0x00000221394ad9b4 method=org.objectweb.asm.MethodWriter.putMethodInfo(Lorg/objectweb/asm/ByteVector;)V @ 190 c2
Event: 4204.742 Thread 0x0000022144fee800 DEOPT PACKING pc=0x00000221394ad9b4 sp=0x00000094eb6f9620
Event: 4204.742 Thread 0x0000022144fee800 DEOPT UNPACKING pc=0x00000221311d8f2f sp=0x00000094eb6f95f8 mode 2
Event: 4204.792 Thread 0x0000022144fee800 DEOPT PACKING pc=0x0000022131881997 sp=0x00000094eb6f9430
Event: 4204.792 Thread 0x0000022144fee800 DEOPT UNPACKING pc=0x00000221311d8d4e sp=0x00000094eb6f89d0 mode 0
Event: 4205.024 Thread 0x0000022144fee800 DEOPT PACKING pc=0x0000022132d69562 sp=0x00000094eb6f9a20
Event: 4205.024 Thread 0x0000022144fee800 DEOPT UNPACKING pc=0x00000221311d8d4e sp=0x00000094eb6f8f08 mode 0

Classes redefined (0 events):
No events

Internal exceptions (10 events):
Event: 4200.590 Thread 0x0000022144fee800 Exception <a 'sun/nio/fs/WindowsException'{0x00000000ebd6a190}> (0x00000000ebd6a190) thrown at [c:/tools/cygwin/home/Administrator/development/Corretto11Src/src/src/hotspot/share/prims/jni.cpp, line 615]
Event: 4200.611 Thread 0x0000022144fee800 Exception <a 'sun/nio/fs/WindowsException'{0x00000000ebd7a430}> (0x00000000ebd7a430) thrown at [c:/tools/cygwin/home/Administrator/development/Corretto11Src/src/src/hotspot/share/prims/jni.cpp, line 615]
Event: 4200.645 Thread 0x0000022144fee800 Exception <a 'sun/nio/fs/WindowsException'{0x00000000ebc36a68}> (0x00000000ebc36a68) thrown at [c:/tools/cygwin/home/Administrator/development/Corretto11Src/src/src/hotspot/share/prims/jni.cpp, line 615]
Event: 4201.297 Thread 0x0000022144f31000 Exception <a 'java/lang/NoSuchMethodError'{0x00000000e98848c0}: <clinit>> (0x00000000e98848c0) thrown at [c:/tools/cygwin/home/Administrator/development/Corretto11Src/src/src/hotspot/share/prims/jni.cpp, line 1364]
Event: 4201.299 Thread 0x0000022144f31000 Exception <a 'java/lang/NoSuchMethodError'{0x00000000e989d9d8}: <clinit>> (0x00000000e989d9d8) thrown at [c:/tools/cygwin/home/Administrator/development/Corretto11Src/src/src/hotspot/share/prims/jni.cpp, line 1364]
Event: 4201.299 Thread 0x0000022144f31000 Exception <a 'java/lang/NoSuchMethodError'{0x00000000e989f488}: <clinit>> (0x00000000e989f488) thrown at [c:/tools/cygwin/home/Administrator/development/Corretto11Src/src/src/hotspot/share/prims/jni.cpp, line 1364]
Event: 4201.299 Thread 0x0000022144f31000 Exception <a 'java/lang/NoSuchMethodError'{0x00000000e98a0648}: <clinit>> (0x00000000e98a0648) thrown at [c:/tools/cygwin/home/Administrator/development/Corretto11Src/src/src/hotspot/share/prims/jni.cpp, line 1364]
Event: 4201.305 Thread 0x0000022144f31000 Exception <a 'java/lang/NoSuchMethodError'{0x00000000e98c4728}: <clinit>> (0x00000000e98c4728) thrown at [c:/tools/cygwin/home/Administrator/development/Corretto11Src/src/src/hotspot/share/prims/jni.cpp, line 1364]
Event: 4203.313 Thread 0x0000022144fee800 Implicit null exception at 0x0000022138eaed14 to 0x0000022138eaf882
Event: 4205.023 Thread 0x0000022144fee800 Exception <a 'java/lang/OutOfMemoryError'{0x00000000eba4a5d0}> (0x00000000eba4a5d0) thrown at [c:/tools/cygwin/home/Administrator/development/Corretto11Src/src/src/hotspot/share/prims/jni.cpp, line 636]

Events (10 events):
Event: 4204.534 Thread 0x0000022144a25000 flushing nmethod 0x0000022133587890
Event: 4204.534 Thread 0x0000022144a25000 flushing nmethod 0x0000022133588510
Event: 4204.534 Thread 0x0000022144a25000 flushing nmethod 0x0000022133588d10
Event: 4204.534 Thread 0x0000022144a25000 flushing nmethod 0x0000022133590610
Event: 4204.534 Thread 0x0000022144a25000 flushing nmethod 0x0000022133591090
Event: 4204.534 Thread 0x0000022144a25000 flushing nmethod 0x0000022133593010
Event: 4204.568 loading class org/objectweb/asm/TypePath
Event: 4204.568 loading class org/objectweb/asm/TypePath done
Event: 4205.023 loading class java/util/zip/DataFormatException
Event: 4205.024 loading class java/util/zip/DataFormatException done


Dynamic libraries:
0x00007ff618410000 - 0x00007ff618456000 	C:\Program Files\Amazon Corretto\jdk11.0.4_10\bin\java.exe
0x00007ff976fc0000 - 0x00007ff9771b0000 	C:\WINDOWS\SYSTEM32\ntdll.dll
0x00007ff975ab0000 - 0x00007ff975b62000 	C:\WINDOWS\System32\KERNEL32.DLL
0x00007ff974a60000 - 0x00007ff974d02000 	C:\WINDOWS\System32\KERNELBASE.dll
0x00007ff975170000 - 0x00007ff975303000 	C:\WINDOWS\System32\USER32.dll
0x00007ff974f90000 - 0x00007ff974fb1000 	C:\WINDOWS\System32\win32u.dll
0x00007ff975f60000 - 0x00007ff975f86000 	C:\WINDOWS\System32\GDI32.dll
0x00007ff974fc0000 - 0x00007ff975154000 	C:\WINDOWS\System32\gdi32full.dll
0x00007ff9749c0000 - 0x00007ff974a5e000 	C:\WINDOWS\System32\msvcp_win.dll
0x00007ff974e90000 - 0x00007ff974f8a000 	C:\WINDOWS\System32\ucrtbase.dll
0x00007ff972a00000 - 0x00007ff972c85000 	C:\WINDOWS\WinSxS\amd64_microsoft.windows.common-controls_6595b64144ccf1df_6.0.18362.30_none_a1435978519dce7f\COMCTL32.dll
0x00007ff975310000 - 0x00007ff9753ae000 	C:\WINDOWS\System32\msvcrt.dll
0x00007ff975c20000 - 0x00007ff975f56000 	C:\WINDOWS\System32\combase.dll
0x00007ff975f90000 - 0x00007ff9760b0000 	C:\WINDOWS\System32\RPCRT4.dll
0x00007ff974900000 - 0x00007ff974981000 	C:\WINDOWS\System32\bcryptPrimitives.dll
0x00007ff976210000 - 0x00007ff97623e000 	C:\WINDOWS\System32\IMM32.DLL
0x0000000068000000 - 0x0000000068066000 	C:\WINDOWS\System32\QIPCAP64.dll
0x00007ff9764b0000 - 0x00007ff976553000 	C:\WINDOWS\System32\ADVAPI32.dll
0x00007ff975820000 - 0x00007ff9758b7000 	C:\WINDOWS\System32\sechost.dll
0x00007ff976560000 - 0x00007ff976c40000 	C:\WINDOWS\System32\SHELL32.dll
0x00007ff974d10000 - 0x00007ff974d5a000 	C:\WINDOWS\System32\cfgmgr32.dll
0x00007ff976ec0000 - 0x00007ff976f69000 	C:\WINDOWS\System32\shcore.dll
0x00007ff974030000 - 0x00007ff9747ab000 	C:\WINDOWS\System32\windows.storage.dll
0x00007ff974010000 - 0x00007ff97402f000 	C:\WINDOWS\System32\profapi.dll
0x00007ff973f80000 - 0x00007ff973fca000 	C:\WINDOWS\System32\powrprof.dll
0x00007ff973f70000 - 0x00007ff973f80000 	C:\WINDOWS\System32\UMPDC.dll
0x00007ff976df0000 - 0x00007ff976e42000 	C:\WINDOWS\System32\shlwapi.dll
0x00007ff973fd0000 - 0x00007ff973fe1000 	C:\WINDOWS\System32\kernel.appcore.dll
0x00007ff974e70000 - 0x00007ff974e87000 	C:\WINDOWS\System32\cryptsp.dll
0x00007ff973580000 - 0x00007ff97364a000 	C:\WINDOWS\SYSTEM32\DNSAPI.dll
0x00007ff976310000 - 0x00007ff97637f000 	C:\WINDOWS\System32\WS2_32.dll
0x00007ff975b90000 - 0x00007ff975b98000 	C:\WINDOWS\System32\NSI.dll
0x00007ff973540000 - 0x00007ff97357a000 	C:\WINDOWS\SYSTEM32\IPHLPAPI.DLL
0x00007ff953e70000 - 0x00007ff953f23000 	C:\Program Files\McAfee\Endpoint Security\Threat Prevention\Ips\EpMPApi.dll
0x00007ff974d60000 - 0x00007ff974dbc000 	C:\WINDOWS\System32\WINTRUST.dll
0x00007ff973ff0000 - 0x00007ff974002000 	C:\WINDOWS\System32\MSASN1.dll
0x00007ff9747b0000 - 0x00007ff9748f9000 	C:\WINDOWS\System32\CRYPT32.dll
0x000000006b810000 - 0x000000006b81c000 	C:\Program Files\McAfee\Endpoint Security\Threat Prevention\Ips\EpMPThe.dll
0x00007ff95d770000 - 0x00007ff95d7c8000 	C:\Program Files\McAfee\Endpoint Security\Threat Prevention\Ips\HIPHandlers64.dll
0x00007ff96c330000 - 0x00007ff96c524000 	C:\WINDOWS\SYSTEM32\dbghelp.dll
0x00007ff95d6b0000 - 0x00007ff95d6c5000 	C:\Program Files\Amazon Corretto\jdk11.0.4_10\bin\vcruntime140.dll
0x00007ff9479b0000 - 0x00007ff947a4b000 	C:\Program Files\Amazon Corretto\jdk11.0.4_10\bin\msvcp140.dll
0x00007ff927510000 - 0x00007ff927fc5000 	C:\Program Files\Amazon Corretto\jdk11.0.4_10\bin\server\jvm.dll
0x00007ff976f70000 - 0x00007ff976f78000 	C:\WINDOWS\System32\PSAPI.DLL
0x00007ff95f790000 - 0x00007ff95f799000 	C:\WINDOWS\SYSTEM32\WSOCK32.dll
0x00007ff963f00000 - 0x00007ff963f24000 	C:\WINDOWS\SYSTEM32\WINMM.dll
0x00007ff972ea0000 - 0x00007ff972eaa000 	C:\WINDOWS\SYSTEM32\VERSION.dll
0x00007ff963e80000 - 0x00007ff963ead000 	C:\WINDOWS\SYSTEM32\winmmbase.dll
0x00007ff95d420000 - 0x00007ff95d430000 	C:\Program Files\Amazon Corretto\jdk11.0.4_10\bin\verify.dll
0x00007ff96c300000 - 0x00007ff96c32a000 	C:\WINDOWS\SYSTEM32\dbgcore.DLL
0x00007ff94a8f0000 - 0x00007ff94a918000 	C:\Program Files\Amazon Corretto\jdk11.0.4_10\bin\java.dll
0x00007ff951800000 - 0x00007ff951816000 	C:\Program Files\Amazon Corretto\jdk11.0.4_10\bin\zip.dll
0x00007ff959e60000 - 0x00007ff959e6a000 	C:\Program Files\Amazon Corretto\jdk11.0.4_10\bin\jimage.dll
0x00007ff94d510000 - 0x00007ff94d529000 	C:\Program Files\Amazon Corretto\jdk11.0.4_10\bin\net.dll
0x00007ff96b640000 - 0x00007ff96b72f000 	C:\WINDOWS\SYSTEM32\WINHTTP.dll
0x00007ff9621d0000 - 0x00007ff9623a4000 	C:\WINDOWS\SYSTEM32\urlmon.dll
0x00007ff961f20000 - 0x00007ff9621c6000 	C:\WINDOWS\SYSTEM32\iertutil.dll
0x00007ff9739b0000 - 0x00007ff9739bc000 	C:\WINDOWS\SYSTEM32\CRYPTBASE.DLL
0x00007ff9737e0000 - 0x00007ff973847000 	C:\WINDOWS\system32\mswsock.dll
0x00007ff948110000 - 0x00007ff948122000 	C:\Program Files\Amazon Corretto\jdk11.0.4_10\bin\nio.dll
0x00007ff9528d0000 - 0x00007ff9528f7000 	C:\Users\weera.y\.gradle\native\9f2fa17c089eee584f3420100432f77ec4c098959e4bf121a4d6054c26537dfb\windows-amd64\native-platform.dll
0x00007ff9598d0000 - 0x00007ff9598d9000 	C:\Program Files\Amazon Corretto\jdk11.0.4_10\bin\management.dll
0x00007ff957960000 - 0x00007ff95796b000 	C:\Program Files\Amazon Corretto\jdk11.0.4_10\bin\management_ext.dll
0x00007ff973130000 - 0x00007ff973163000 	C:\WINDOWS\system32\rsaenh.dll
0x0000022147c00000 - 0x0000022147c26000 	C:\WINDOWS\System32\bcrypt.dll
0x00007ff973e90000 - 0x00007ff973eb5000 	C:\WINDOWS\SYSTEM32\USERENV.dll
0x00007ff968970000 - 0x00007ff968986000 	C:\WINDOWS\SYSTEM32\dhcpcsvc6.DLL
0x00007ff9688a0000 - 0x00007ff9688bc000 	C:\WINDOWS\SYSTEM32\dhcpcsvc.DLL
0x00007ff96a730000 - 0x00007ff96a73b000 	C:\WINDOWS\SYSTEM32\WINNSI.DLL
0x00007ff9392b0000 - 0x00007ff939446000 	C:\Users\weera.y\.gradle\native\9f2fa17c089eee584f3420100432f77ec4c098959e4bf121a4d6054c26537dfb\windows-amd64\native-platform-file-events.dll
0x00007ff956ce0000 - 0x00007ff956ced000 	C:\Program Files\Amazon Corretto\jdk11.0.4_10\bin\sunmscapi.dll
0x00007ff973ab0000 - 0x00007ff973ad6000 	C:\WINDOWS\SYSTEM32\ncrypt.dll
0x00007ff973a70000 - 0x00007ff973aab000 	C:\WINDOWS\SYSTEM32\NTASN1.dll
0x00007ff947ad0000 - 0x00007ff947af5000 	C:\Program Files\Amazon Corretto\jdk11.0.4_10\bin\sunec.dll
0x00007ff9692c0000 - 0x00007ff9692ca000 	C:\Windows\System32\rasadhlp.dll
0x00007ff96a530000 - 0x00007ff96a5a7000 	C:\WINDOWS\System32\fwpuclnt.dll

dbghelp: loaded successfully - version: 4.0.5 - missing functions: none
symbol engine: initialized successfully - sym options: 0x614 - pdb path: .;C:\Program Files\Amazon Corretto\jdk11.0.4_10\bin;C:\WINDOWS\SYSTEM32;C:\WINDOWS\WinSxS\amd64_microsoft.windows.common-controls_6595b64144ccf1df_6.0.18362.30_none_a1435978519dce7f;C:\Program Files\McAfee\Endpoint Security\Threat Prevention\Ips;C:\Program Files\Amazon Corretto\jdk11.0.4_10\bin\server;C:\Users\weera.y\.gradle\native\9f2fa17c089eee584f3420100432f77ec4c098959e4bf121a4d6054c26537dfb\windows-amd64

VM Arguments:
jvm_args: --add-opens=java.base/java.util=ALL-UNNAMED --add-opens=java.base/java.lang=ALL-UNNAMED --add-opens=java.base/java.lang.invoke=ALL-UNNAMED --add-opens=java.prefs/java.util.prefs=ALL-UNNAMED -XX:MaxMetaspaceSize=256m -XX:+HeapDumpOnOutOfMemoryError -Xms256m -Xmx512m -Dfile.encoding=x-windows-874 -Duser.country=US -Duser.language=en -Duser.variant 
java_command: org.gradle.launcher.daemon.bootstrap.GradleDaemon 6.6.1
java_class_path (initial): C:\Users\weera.y\.gradle\wrapper\dists\gradle-6.6.1-bin\du4tvj86lhti6iga1v8h7pckb\gradle-6.6.1\lib\gradle-launcher-6.6.1.jar
Launcher Type: SUN_STANDARD

[Global flags]
     intx CICompilerCount                          = 3                                         {product} {ergonomic}
   size_t CompressedClassSpaceSize                 = 260046848                                 {product} {ergonomic}
     uint ConcGCThreads                            = 1                                         {product} {ergonomic}
     uint G1ConcRefinementThreads                  = 4                                         {product} {ergonomic}
   size_t G1HeapRegionSize                         = 1048576                                   {product} {ergonomic}
    uintx GCDrainStackTargetSize                   = 64                                        {product} {ergonomic}
     bool HeapDumpOnOutOfMemoryError               = true                                   {manageable} {command line}
   size_t InitialHeapSize                          = 268435456                                 {product} {command line}
   size_t MarkStackSize                            = 4194304                                   {product} {ergonomic}
   size_t MaxHeapSize                              = 536870912                                 {product} {command line}
   size_t MaxMetaspaceSize                         = 268435456                                 {product} {command line}
   size_t MaxNewSize                               = 321912832                                 {product} {ergonomic}
   size_t MinHeapDeltaBytes                        = 1048576                                   {product} {ergonomic}
    uintx NonNMethodCodeHeapSize                   = 5830092                                {pd product} {ergonomic}
    uintx NonProfiledCodeHeapSize                  = 122914074                              {pd product} {ergonomic}
    uintx ProfiledCodeHeapSize                     = 122914074                              {pd product} {ergonomic}
    uintx ReservedCodeCacheSize                    = 251658240                              {pd product} {ergonomic}
     bool SegmentedCodeCache                       = true                                      {product} {ergonomic}
     bool UseCompressedClassPointers               = true                                 {lp64_product} {ergonomic}
     bool UseCompressedOops                        = true                                 {lp64_product} {ergonomic}
     bool UseG1GC                                  = true                                      {product} {ergonomic}
     bool UseLargePagesIndividualAllocation        = false                                  {pd product} {ergonomic}

Logging:
Log output configuration:
 #0: stdout all=warning uptime,level,tags
 #1: stderr all=off uptime,level,tags

Environment Variables:
JAVA_HOME=C:\Program Files\Java\jdk1.8.0_231
JRE_HOME=C:\Program Files\Java\jre1.8.0_231
PATH=C:\Program Files (x86)\Common Files\Oracle\Java\javapath;C:\Program Files\Java\jdk1.8.0_231\bin;C:\apache-maven-3.6.1\bin;C:\Program Files\Git\cmd;C:\Program Files\nodejs\;C:\Windows\system32;C:\WINDOWS\system32;C:\WINDOWS;C:\WINDOWS\System32\Wbem;C:\WINDOWS\System32\WindowsPowerShell\v1.0\;C:\WINDOWS\System32\OpenSSH\;C:\Users\weera.y\AppData\Local\Programs\Python\Python37\Scripts\;C:\Users\weera.y\AppData\Local\Programs\Python\Python37\;C:\Users\weera.y\AppData\Local\Microsoft\WindowsApps;D:\program\JetBrains\PyCharm Community Edition 2019.3.3\bin;;C:\Users\weera.y\AppData\Local\Programs\Python\Python37\chromedriver.exe;D:\Programs\Microsoft VS Code\bin;C:\Users\weera.y\AppData\Roaming\npm;
USERNAME=weera.y
OS=Windows_NT
PROCESSOR_IDENTIFIER=Intel64 Family 6 Model 78 Stepping 3, GenuineIntel



---------------  S Y S T E M  ---------------

OS: Windows 10 , 64 bit Build 18362 (10.0.18362.1)

CPU:total 4 (initial active 4) (2 cores per cpu, 2 threads per core) family 6 model 78 stepping 3, cmov, cx8, fxsr, mmx, sse, sse2, sse3, ssse3, sse4.1, sse4.2, popcnt, avx, avx2, aes, clmul, erms, 3dnowpref, lzcnt, ht, tsc, tscinvbit, bmi1, bmi2, adx, fma

Memory: 4k page, system-wide physical 8023M (469M free)
TotalPageFile size 10610M (AvailPageFile size 60M)
current process WorkingSet (physical memory assigned to process): 508M, peak: 546M
current process commit charge ("private bytes"): 598M, peak: 656M

vm_info: OpenJDK 64-Bit Server VM (11.0.4+11-LTS) for windows-amd64 JRE (11.0.4+11-LTS), built on Jul 11 2019 21:08:18 by "Administrator" with unknown MS VC++:1916

END.
